[[1;34mINFO[m] Scanning for projects...
[[1;34mINFO[m] 
[[1;34mINFO[m] [1m----------------------< [0;36mid.payu:account-service[0;1m >-----------------------[m
[[1;34mINFO[m] [1mBuilding account-service 1.0.0-SNAPSHOT[m
[[1;34mINFO[m] [1m--------------------------------[ jar ]---------------------------------[m
[[1;34mINFO[m] 
[[1;34mINFO[m] [1m--- [0;32mjacoco-maven-plugin:0.8.11:prepare-agent[m [1m(default)[m @ [36maccount-service[0;1m ---[m
[[1;34mINFO[m] argLine set to -javaagent:/home/ubuntu/.m2/repository/org/jacoco/org.jacoco.agent/0.8.11/org.jacoco.agent-0.8.11-runtime.jar=destfile=/home/ubuntu/payu/backend/account-service/target/jacoco.exec
[[1;34mINFO[m] 
[[1;34mINFO[m] [1m--- [0;32mmaven-resources-plugin:3.3.1:resources[m [1m(default-resources)[m @ [36maccount-service[0;1m ---[m
[[1;34mINFO[m] Copying 1 resource from src/main/resources to target/classes
[[1;34mINFO[m] Copying 1 resource from src/main/resources to target/classes
[[1;34mINFO[m] 
[[1;34mINFO[m] [1m--- [0;32mmaven-compiler-plugin:3.13.0:compile[m [1m(default-compile)[m @ [36maccount-service[0;1m ---[m
[[1;34mINFO[m] Nothing to compile - all classes are up to date.
[[1;34mINFO[m] 
[[1;34mINFO[m] [1m--- [0;32mmaven-resources-plugin:3.3.1:testResources[m [1m(default-testResources)[m @ [36maccount-service[0;1m ---[m
[[1;34mINFO[m] Copying 1 resource from src/test/resources to target/test-classes
[[1;34mINFO[m] 
[[1;34mINFO[m] [1m--- [0;32mmaven-compiler-plugin:3.13.0:testCompile[m [1m(default-testCompile)[m @ [36maccount-service[0;1m ---[m
[[1;34mINFO[m] Recompiling the module because of [1mchanged source code[m.
[[1;34mINFO[m] Compiling 4 source files with javac [debug parameters release 21] to target/test-classes
[[1;34mINFO[m] Annotation processing is enabled because one or more processors were found
  on the class path. A future release of javac may disable annotation processing
  unless at least one processor is specified by name (-processor), or a search
  path is specified (--processor-path, --processor-module-path), or annotation
  processing is enabled explicitly (-proc:only, -proc:full).
  Use -Xlint:-options to suppress this message.
  Use -proc:none to disable annotation processing.
[[1;33mWARNING[m] /home/ubuntu/payu/backend/account-service/src/test/java/id/payu/account/adapter/web/OnboardingControllerTest.java:[38,6] org.springframework.boot.test.mock.mockito.MockBean in org.springframework.boot.test.mock.mockito has been deprecated and marked for removal
[[1;33mWARNING[m] /home/ubuntu/payu/backend/account-service/src/test/java/id/payu/account/adapter/web/OnboardingControllerTest.java:[38,6] org.springframework.boot.test.mock.mockito.MockBean in org.springframework.boot.test.mock.mockito has been deprecated and marked for removal
[[1;33mWARNING[m] /home/ubuntu/payu/backend/account-service/src/test/java/id/payu/account/adapter/web/OnboardingControllerTest.java:[38,6] org.springframework.boot.test.mock.mockito.MockBean in org.springframework.boot.test.mock.mockito has been deprecated and marked for removal
[[1;33mWARNING[m] /home/ubuntu/payu/backend/account-service/src/test/java/id/payu/account/adapter/web/OnboardingControllerTest.java:[38,6] org.springframework.boot.test.mock.mockito.MockBean in org.springframework.boot.test.mock.mockito has been deprecated and marked for removal
[[1;33mWARNING[m] /home/ubuntu/payu/backend/account-service/src/test/java/id/payu/account/adapter/web/OnboardingControllerTest.java:[38,6] org.springframework.boot.test.mock.mockito.MockBean in org.springframework.boot.test.mock.mockito has been deprecated and marked for removal
[[1;33mWARNING[m] /home/ubuntu/payu/backend/account-service/src/test/java/id/payu/account/integration/OnboardingIntegrationTest.java:[46,6] org.springframework.boot.test.mock.mockito.MockBean in org.springframework.boot.test.mock.mockito has been deprecated and marked for removal
[[1;33mWARNING[m] /home/ubuntu/payu/backend/account-service/src/test/java/id/payu/account/integration/OnboardingIntegrationTest.java:[46,6] org.springframework.boot.test.mock.mockito.MockBean in org.springframework.boot.test.mock.mockito has been deprecated and marked for removal
[[1;33mWARNING[m] /home/ubuntu/payu/backend/account-service/src/test/java/id/payu/account/integration/OnboardingIntegrationTest.java:[46,6] org.springframework.boot.test.mock.mockito.MockBean in org.springframework.boot.test.mock.mockito has been deprecated and marked for removal
[[1;33mWARNING[m] /home/ubuntu/payu/backend/account-service/src/test/java/id/payu/account/integration/OnboardingIntegrationTest.java:[46,6] org.springframework.boot.test.mock.mockito.MockBean in org.springframework.boot.test.mock.mockito has been deprecated and marked for removal
[[1;33mWARNING[m] /home/ubuntu/payu/backend/account-service/src/test/java/id/payu/account/integration/OnboardingIntegrationTest.java:[46,6] org.springframework.boot.test.mock.mockito.MockBean in org.springframework.boot.test.mock.mockito has been deprecated and marked for removal
[[1;34mINFO[m] 
[[1;34mINFO[m] [1m--- [0;32mmaven-surefire-plugin:3.5.2:test[m [1m(default-test)[m @ [36maccount-service[0;1m ---[m
[[1;34mINFO[m] Using auto detected provider org.apache.maven.surefire.junitplatform.JUnitPlatformProvider
[[1;34mINFO[m] 
[[1;34mINFO[m] -------------------------------------------------------
[[1;34mINFO[m]  T E S T S
[[1;34mINFO[m] -------------------------------------------------------
Jan 19, 2026 8:53:30 AM org.junit.platform.launcher.core.LauncherConfigurationParameters loadClasspathResource
WARNING: Discovered 3 'junit-platform.properties' configuration files on the classpath (see below); only the first (*) will be used.
- jar:file:/home/ubuntu/.m2/repository/org/apache/kafka/kafka-clients/3.8.1/kafka-clients-3.8.1-test.jar!/junit-platform.properties (*)
- jar:file:/home/ubuntu/.m2/repository/org/apache/kafka/kafka-server-common/3.8.1/kafka-server-common-3.8.1-test.jar!/junit-platform.properties
- jar:file:/home/ubuntu/.m2/repository/org/apache/kafka/kafka_2.13/3.8.1/kafka_2.13-3.8.1-test.jar!/junit-platform.properties
Jan 19, 2026 8:53:30 AM org.junit.platform.launcher.core.LauncherConfigurationParameters loadClasspathResource
WARNING: Discovered 3 'junit-platform.properties' configuration files on the classpath (see below); only the first (*) will be used.
- jar:file:/home/ubuntu/.m2/repository/org/apache/kafka/kafka-clients/3.8.1/kafka-clients-3.8.1-test.jar!/junit-platform.properties (*)
- jar:file:/home/ubuntu/.m2/repository/org/apache/kafka/kafka-server-common/3.8.1/kafka-server-common-3.8.1-test.jar!/junit-platform.properties
- jar:file:/home/ubuntu/.m2/repository/org/apache/kafka/kafka_2.13/3.8.1/kafka_2.13-3.8.1-test.jar!/junit-platform.properties
Jan 19, 2026 8:53:30 AM org.junit.platform.launcher.core.LauncherConfigurationParameters loadClasspathResource
WARNING: Discovered 3 'junit-platform.properties' configuration files on the classpath (see below); only the first (*) will be used.
- jar:file:/home/ubuntu/.m2/repository/org/apache/kafka/kafka-clients/3.8.1/kafka-clients-3.8.1-test.jar!/junit-platform.properties (*)
- jar:file:/home/ubuntu/.m2/repository/org/apache/kafka/kafka-server-common/3.8.1/kafka-server-common-3.8.1-test.jar!/junit-platform.properties
- jar:file:/home/ubuntu/.m2/repository/org/apache/kafka/kafka_2.13/3.8.1/kafka_2.13-3.8.1-test.jar!/junit-platform.properties
Jan 19, 2026 8:53:30 AM org.junit.platform.launcher.core.LauncherConfigurationParameters loadClasspathResource
WARNING: Discovered 3 'junit-platform.properties' configuration files on the classpath (see below); only the first (*) will be used.
- jar:file:/home/ubuntu/.m2/repository/org/apache/kafka/kafka-clients/3.8.1/kafka-clients-3.8.1-test.jar!/junit-platform.properties (*)
- jar:file:/home/ubuntu/.m2/repository/org/apache/kafka/kafka-server-common/3.8.1/kafka-server-common-3.8.1-test.jar!/junit-platform.properties
- jar:file:/home/ubuntu/.m2/repository/org/apache/kafka/kafka_2.13/3.8.1/kafka_2.13-3.8.1-test.jar!/junit-platform.properties
Jan 19, 2026 8:53:30 AM org.junit.platform.launcher.core.LauncherConfigurationParameters loadClasspathResource
WARNING: Discovered 3 'junit-platform.properties' configuration files on the classpath (see below); only the first (*) will be used.
- jar:file:/home/ubuntu/.m2/repository/org/apache/kafka/kafka-clients/3.8.1/kafka-clients-3.8.1-test.jar!/junit-platform.properties (*)
- jar:file:/home/ubuntu/.m2/repository/org/apache/kafka/kafka-server-common/3.8.1/kafka-server-common-3.8.1-test.jar!/junit-platform.properties
- jar:file:/home/ubuntu/.m2/repository/org/apache/kafka/kafka_2.13/3.8.1/kafka_2.13-3.8.1-test.jar!/junit-platform.properties
Jan 19, 2026 8:53:30 AM org.junit.platform.launcher.core.LauncherConfigurationParameters loadClasspathResource
WARNING: Discovered 3 'junit-platform.properties' configuration files on the classpath (see below); only the first (*) will be used.
- jar:file:/home/ubuntu/.m2/repository/org/apache/kafka/kafka-clients/3.8.1/kafka-clients-3.8.1-test.jar!/junit-platform.properties (*)
- jar:file:/home/ubuntu/.m2/repository/org/apache/kafka/kafka-server-common/3.8.1/kafka-server-common-3.8.1-test.jar!/junit-platform.properties
- jar:file:/home/ubuntu/.m2/repository/org/apache/kafka/kafka_2.13/3.8.1/kafka_2.13-3.8.1-test.jar!/junit-platform.properties
[[1;34mINFO[m] Running id.payu.account.architecture.[1mArchitectureTest[m
08:53:30.879 [main] INFO com.tngtech.archunit.core.PluginLoader -- Detected Java version 21.0.9
[[1;34mINFO[m] Running id.payu.account.architecture.[1mArchitectureTest$HexagonalArchitectureRules[m
[[1;34mINFO[m] [1;32mTests run: [0;1;32m1[m, Failures: 0, Errors: 0, Skipped: 0, Time elapsed: 0.281 s -- in id.payu.account.architecture.[1mArchitectureTest$HexagonalArchitectureRules[m
[[1;34mINFO[m] [1mTests run: [0;1m0[m, Failures: 0, Errors: 0, Skipped: 0, Time elapsed: 1.986 s -- in id.payu.account.architecture.[1mArchitectureTest[m
[[1;34mINFO[m] Running id.payu.account.application.service.[1mUserApplicationServiceTest[m
[[1;34mINFO[m] Running id.payu.account.application.service.[1mUserApplicationServiceTest$RegisterUser[m
Mockito is currently self-attaching to enable the inline-mock-maker. This will no longer work in future releases of the JDK. Please add Mockito as an agent to your build what is described in Mockito's documentation: https://javadoc.io/doc/org.mockito/mockito-core/latest/org/mockito/Mockito.html#0.3
OpenJDK 64-Bit Server VM warning: Sharing is only supported for boot loader classes because bootstrap classpath has been appended
WARNING: A Java agent has been loaded dynamically (/home/ubuntu/.m2/repository/net/bytebuddy/byte-buddy-agent/1.15.11/byte-buddy-agent-1.15.11.jar)
WARNING: If a serviceability tool is in use, please run with -XX:+EnableDynamicAgentLoading to hide this warning
WARNING: If a serviceability tool is not in use, please run with -Djdk.instrument.traceUsage for more information
WARNING: Dynamic loading of agents will be disallowed by default in a future release
08:53:34.066 [main] INFO id.payu.account.application.service.UserApplicationService -- Processing registration for user: testuser
08:53:34.072 [main] INFO id.payu.account.application.service.UserApplicationService -- User registered successfully: 88562b88-5a38-4676-ad46-8742927f7ee7
08:53:34.233 [main] INFO id.payu.account.application.service.UserApplicationService -- Processing registration for user: testuser
08:53:34.246 [main] INFO id.payu.account.application.service.UserApplicationService -- Processing registration for user: testuser
08:53:34.246 [main] INFO id.payu.account.application.service.UserApplicationService -- User registered successfully: null
[[1;34mINFO[m] [1;32mTests run: [0;1;32m3[m, Failures: 0, Errors: 0, Skipped: 0, Time elapsed: 1.409 s -- in id.payu.account.application.service.[1mUserApplicationServiceTest$RegisterUser[m
[[1;34mINFO[m] [1mTests run: [0;1m0[m, Failures: 0, Errors: 0, Skipped: 0, Time elapsed: 1.414 s -- in id.payu.account.application.service.[1mUserApplicationServiceTest[m
[[1;34mINFO[m] Running id.payu.account.adapter.web.[1mOnboardingControllerTest[m
08:53:34.412 [main] INFO org.springframework.test.context.support.AnnotationConfigContextLoaderUtils -- Could not detect default configuration classes for test class [id.payu.account.adapter.web.OnboardingControllerTest]: OnboardingControllerTest does not declare any static, non-private, non-final, nested classes annotated with @Configuration.
08:53:34.659 [main] INFO org.springframework.boot.test.context.SpringBootTestContextBootstrapper -- Found @SpringBootConfiguration id.payu.account.AccountServiceApplication for test class id.payu.account.adapter.web.OnboardingControllerTest
[[1;34mINFO[m] Running id.payu.account.adapter.web.[1mOnboardingControllerTest$RegisterEndpoint[m
08:53:34.706 [main] INFO org.springframework.test.context.support.AnnotationConfigContextLoaderUtils -- Could not detect default configuration classes for test class [id.payu.account.adapter.web.OnboardingControllerTest$RegisterEndpoint]: RegisterEndpoint does not declare any static, non-private, non-final, nested classes annotated with @Configuration.
08:53:34.723 [main] INFO org.springframework.boot.test.context.SpringBootTestContextBootstrapper -- Found @SpringBootConfiguration id.payu.account.AccountServiceApplication for test class id.payu.account.adapter.web.OnboardingControllerTest$RegisterEndpoint

  .   ____          _            __ _ _
 /\\ / ___'_ __ _ _(_)_ __  __ _ \ \ \ \
( ( )\___ | '_ | '_| | '_ \/ _` | \ \ \ \
 \\/  ___)| |_)| | | | | || (_| |  ) ) ) )
  '  |____| .__|_| |_|_| |_\__, | / / / /
 =========|_|==============|___/=/_/_/_/

 :: Spring Boot ::                (v3.4.1)

2026-01-19T08:53:35.402Z  INFO 50175 --- [account-service] [           main] [                                                 ] i.p.a.a.web.OnboardingControllerTest     : Starting OnboardingControllerTest using Java 21.0.9 with PID 50175 (started by ubuntu in /home/ubuntu/payu/backend/account-service)
2026-01-19T08:53:35.405Z  INFO 50175 --- [account-service] [           main] [                                                 ] i.p.a.a.web.OnboardingControllerTest     : No active profile set, falling back to 1 default profile: "default"
2026-01-19T08:53:37.032Z  INFO 50175 --- [account-service] [           main] [                                                 ] o.s.b.t.m.w.SpringBootMockServletContext : Initializing Spring TestDispatcherServlet ''
2026-01-19T08:53:37.033Z  INFO 50175 --- [account-service] [           main] [                                                 ] o.s.t.web.servlet.TestDispatcherServlet  : Initializing Servlet ''
2026-01-19T08:53:37.034Z  INFO 50175 --- [account-service] [           main] [                                                 ] o.s.t.web.servlet.TestDispatcherServlet  : Completed initialization in 1 ms
2026-01-19T08:53:37.125Z  INFO 50175 --- [account-service] [           main] [                                                 ] i.p.a.a.web.OnboardingControllerTest     : Started OnboardingControllerTest in 2.23 seconds (process running for 7.35)
2026-01-19T08:53:37.336Z  WARN 50175 --- [account-service] [           main] [                                                 ] i.p.a.exception.GlobalExceptionHandler   : Validation failed: {email=Invalid email format}
2026-01-19T08:53:37.474Z  WARN 50175 --- [account-service] [           main] [                                                 ] i.p.a.exception.GlobalExceptionHandler   : Validation failed: {nik=NIK is required, externalId=External ID is required, fullName=Full Name is required, email=Email is required}
[[1;34mINFO[m] [1;32mTests run: [0;1;32m4[m, Failures: 0, Errors: 0, Skipped: 0, Time elapsed: 2.778 s -- in id.payu.account.adapter.web.[1mOnboardingControllerTest$RegisterEndpoint[m
[[1;34mINFO[m] [1mTests run: [0;1m0[m, Failures: 0, Errors: 0, Skipped: 0, Time elapsed: 3.215 s -- in id.payu.account.adapter.web.[1mOnboardingControllerTest[m
[[1;34mINFO[m] 
[[1;34mINFO[m] Results:
[[1;34mINFO[m] 
[[1;34mINFO[m] [1;32mTests run: 8, Failures: 0, Errors: 0, Skipped: 0[m
[[1;34mINFO[m] 
[[1;34mINFO[m] 
[[1;34mINFO[m] [1m--- [0;32mjacoco-maven-plugin:0.8.11:report[m [1m(report)[m @ [36maccount-service[0;1m ---[m
[[1;34mINFO[m] Loading execution data file /home/ubuntu/payu/backend/account-service/target/jacoco.exec
[[1;34mINFO[m] Analyzed bundle 'account-service' with 17 classes
[[1;34mINFO[m] [1m------------------------------------------------------------------------[m
[[1;34mINFO[m] [1;32mBUILD SUCCESS[m
[[1;34mINFO[m] [1m------------------------------------------------------------------------[m
[[1;34mINFO[m] Total time:  10.819 s
[[1;34mINFO[m] Finished at: 2026-01-19T08:53:37Z
[[1;34mINFO[m] [1m------------------------------------------------------------------------[m
